<?xml version="1.0" encoding="UTF-8"?>
<testng-results ignored="0" total="3" passed="3" failed="0" skipped="0">
  <reporter-output>
  </reporter-output>
  <suite started-at="2021-10-09T12:53:24 EDT" name="Default suite" finished-at="2021-10-09T12:53:24 EDT" duration-ms="42">
    <groups>
    </groups>
    <test started-at="2021-10-09T12:53:24 EDT" name="Default test" finished-at="2021-10-09T12:53:24 EDT" duration-ms="42">
      <class name="practice.Class0">
        <test-method is-config="true" signature="beforeSuite()[pri:0, instance:practice.Class0@3e84448c]" started-at="2021-10-09T12:53:24 EDT" name="beforeSuite" finished-at="2021-10-09T12:53:24 EDT" duration-ms="6" status="PASS">
          <reporter-output>
          </reporter-output>
        </test-method> <!-- beforeSuite -->
        <test-method is-config="true" signature="beforeTest()[pri:0, instance:practice.Class0@3e84448c]" started-at="2021-10-09T12:53:24 EDT" name="beforeTest" finished-at="2021-10-09T12:53:24 EDT" duration-ms="1" status="PASS">
          <reporter-output>
          </reporter-output>
        </test-method> <!-- beforeTest -->
        <test-method is-config="true" signature="beforeClass()[pri:0, instance:practice.Class0@3e84448c]" started-at="2021-10-09T12:53:24 EDT" name="beforeClass" finished-at="2021-10-09T12:53:24 EDT" duration-ms="0" status="PASS">
          <reporter-output>
          </reporter-output>
        </test-method> <!-- beforeClass -->
        <test-method is-config="true" signature="beforeMethod()[pri:0, instance:practice.Class0@3e84448c]" started-at="2021-10-09T12:53:24 EDT" name="beforeMethod" finished-at="2021-10-09T12:53:24 EDT" duration-ms="0" status="PASS">
          <reporter-output>
          </reporter-output>
        </test-method> <!-- beforeMethod -->
        <test-method signature="f(java.lang.Integer,java.lang.String)[pri:0, instance:practice.Class0@3e84448c]" started-at="2021-10-09T12:53:24 EDT" name="f" data-provider="dp" finished-at="2021-10-09T12:53:24 EDT" duration-ms="5" status="PASS">
          <params>
            <param index="0">
              <value>
                <![CDATA[1]]>
              </value>
            </param>
            <param index="1">
              <value>
                <![CDATA[a]]>
              </value>
            </param>
          </params>
          <reporter-output>
          </reporter-output>
        </test-method> <!-- f -->
        <test-method is-config="true" signature="afterMethod()[pri:0, instance:practice.Class0@3e84448c]" started-at="2021-10-09T12:53:24 EDT" name="afterMethod" finished-at="2021-10-09T12:53:24 EDT" duration-ms="1" status="PASS">
          <reporter-output>
          </reporter-output>
        </test-method> <!-- afterMethod -->
        <test-method signature="f(java.lang.Integer,java.lang.String)[pri:0, instance:practice.Class0@3e84448c]" started-at="2021-10-09T12:53:24 EDT" name="f" data-provider="dp" finished-at="2021-10-09T12:53:24 EDT" duration-ms="1" status="PASS">
          <params>
            <param index="0">
              <value>
                <![CDATA[2]]>
              </value>
            </param>
            <param index="1">
              <value>
                <![CDATA[b]]>
              </value>
            </param>
          </params>
          <reporter-output>
          </reporter-output>
        </test-method> <!-- f -->
        <test-method is-config="true" signature="beforeMethod()[pri:0, instance:practice.Class0@3e84448c]" started-at="2021-10-09T12:53:24 EDT" name="beforeMethod" finished-at="2021-10-09T12:53:24 EDT" duration-ms="0" status="PASS">
          <reporter-output>
          </reporter-output>
        </test-method> <!-- beforeMethod -->
        <test-method is-config="true" signature="afterMethod()[pri:0, instance:practice.Class0@3e84448c]" started-at="2021-10-09T12:53:24 EDT" name="afterMethod" finished-at="2021-10-09T12:53:24 EDT" duration-ms="1" status="PASS">
          <reporter-output>
          </reporter-output>
        </test-method> <!-- afterMethod -->
        <test-method is-config="true" signature="beforeMethod()[pri:0, instance:practice.Class0@3e84448c]" started-at="2021-10-09T12:53:24 EDT" name="beforeMethod" finished-at="2021-10-09T12:53:24 EDT" duration-ms="1" status="PASS">
          <reporter-output>
          </reporter-output>
        </test-method> <!-- beforeMethod -->
        <test-method signature="test1()[pri:0, instance:practice.Class0@3e84448c]" started-at="2021-10-09T12:53:24 EDT" name="test1" finished-at="2021-10-09T12:53:24 EDT" duration-ms="1" status="PASS">
          <reporter-output>
          </reporter-output>
        </test-method> <!-- test1 -->
        <test-method is-config="true" signature="afterMethod()[pri:0, instance:practice.Class0@3e84448c]" started-at="2021-10-09T12:53:24 EDT" name="afterMethod" finished-at="2021-10-09T12:53:24 EDT" duration-ms="0" status="PASS">
          <reporter-output>
          </reporter-output>
        </test-method> <!-- afterMethod -->
        <test-method is-config="true" signature="afterClass()[pri:0, instance:practice.Class0@3e84448c]" started-at="2021-10-09T12:53:24 EDT" name="afterClass" finished-at="2021-10-09T12:53:24 EDT" duration-ms="0" status="PASS">
          <reporter-output>
          </reporter-output>
        </test-method> <!-- afterClass -->
        <test-method is-config="true" signature="afterTest()[pri:0, instance:practice.Class0@3e84448c]" started-at="2021-10-09T12:53:24 EDT" name="afterTest" finished-at="2021-10-09T12:53:24 EDT" duration-ms="0" status="PASS">
          <reporter-output>
          </reporter-output>
        </test-method> <!-- afterTest -->
        <test-method is-config="true" signature="afterSuite()[pri:0, instance:practice.Class0@3e84448c]" started-at="2021-10-09T12:53:24 EDT" name="afterSuite" finished-at="2021-10-09T12:53:24 EDT" duration-ms="1" status="PASS">
          <reporter-output>
          </reporter-output>
        </test-method> <!-- afterSuite -->
      </class> <!-- practice.Class0 -->
    </test> <!-- Default test -->
  </suite> <!-- Default suite -->
</testng-results>
